
> monitoring-dashboard@0.0.0 build
> vite build

[36mvite v6.4.1 [32mbuilding for production...[36m[39m
transforming...
[32m✓[39m 724 modules transformed.
node.exe : [31m✗[39m 
Build failed in 3.63s
At line:1 char:1
+ & "C:\Program 
Files\nodejs/node.exe" 
"C:\Program 
Files\nodejs/node_mo 
...
+ ~~~~~~~~~~~~~~~~~~~~~
~~~~~~~~~~~~~~~~~~~~~~~
~~~~~~~~~~~~~~~~~~~~~~~
~~
    + CategoryInfo     
         : NotSpecifi  
  ed: ([31m✗[39m B   
 uild failed in 3.6    
3s:String) [], Rem    
oteException
    + FullyQualifiedEr 
   rorId : NativeComm  
  andError
 
[31merror during 
build:
[31msrc/components/com
mon/FilterBar.jsx 
(2:9): "getInspectors" 
is not exported by "src
/api/monitoringApi.js",
 imported by "src/compo
nents/common/FilterBar.
jsx".[31m
file: [36mD:/Premade_A
ssignment-main/monitori
ng-dashboard/src/compon
ents/common/FilterBar.j
sx:2:9[31m
[33m
1: import React, { 
useState, useEffect } 
from 'react';
2: import { 
getInspectors } from '.
./../api/monitoringApi'
;
            ^
3: 
4: const FilterBar = 
({ onFilterChange, 
isDefectsView = false 
}) => {
[31m
    at getRollupError (
file:///D:/Premade_Assi
gnment-main/monitoring-
dashboard/node_modules/
rollup/dist/es/shared/p
arseAst.js:402:41)
    at error (file:///D
:/Premade_Assignment-ma
in/monitoring-dashboard
/node_modules/rollup/di
st/es/shared/parseAst.j
s:398:42)
    at Module.error (fi
le:///D:/Premade_Assign
ment-main/monitoring-da
shboard/node_modules/ro
llup/dist/es/shared/nod
e-entry.js:17040:16)
    at 
Module.traceVariable (f
ile:///D:/Premade_Assig
nment-main/monitoring-d
ashboard/node_modules/r
ollup/dist/es/shared/no
de-entry.js:17452:29)
    at ModuleScope.find
Variable (file:///D:/Pr
emade_Assignment-main/m
onitoring-dashboard/nod
e_modules/rollup/dist/e
s/shared/node-entry.js:
15070:39)
    at ReturnValueScope
.findVariable (file:///
D:/Premade_Assignment-m
ain/monitoring-dashboar
d/node_modules/rollup/d
ist/es/shared/node-entr
y.js:5673:38)
    at FunctionBodyScop
e.findVariable (file://
/D:/Premade_Assignment-
main/monitoring-dashboa
rd/node_modules/rollup/
dist/es/shared/node-ent
ry.js:5673:38)
    at ReturnValueScope
.findVariable (file:///
D:/Premade_Assignment-m
ain/monitoring-dashboar
d/node_modules/rollup/d
ist/es/shared/node-entr
y.js:5673:38)
    at FunctionBodyScop
e.findVariable (file://
/D:/Premade_Assignment-
main/monitoring-dashboa
rd/node_modules/rollup/
dist/es/shared/node-ent
ry.js:5673:38)
    at ReturnValueScope
.findVariable (file:///
D:/Premade_Assignment-m
ain/monitoring-dashboar
d/node_modules/rollup/d
ist/es/shared/node-entr
y.js:5673:38)[39m
